<?xml version="1.0" encoding="UTF-8"?>
<testng-results ignored="0" total="2" passed="2" failed="0" skipped="0">
  <reporter-output>
  </reporter-output>
  <suite started-at="2022-04-19T17:13:31 SGT" name="Surefire suite" finished-at="2022-04-19T17:13:31 SGT" duration-ms="25">
    <groups>
    </groups>
    <test started-at="2022-04-19T17:13:31 SGT" name="Surefire test" finished-at="2022-04-19T17:13:31 SGT" duration-ms="25">
      <class name="MavenProject.JenkinsJobs.JenkinsTest">
        <test-method signature="writeNotes()[pri:0, instance:MavenProject.JenkinsJobs.JenkinsTest@41ee392b]" started-at="2022-04-19T17:13:31 SGT" name="writeNotes" finished-at="2022-04-19T17:13:31 SGT" duration-ms="2" status="PASS">
          <reporter-output>
          </reporter-output>
        </test-method> <!-- writeNotes -->
        <test-method signature="printNotes()[pri:1, instance:MavenProject.JenkinsJobs.JenkinsTest@41ee392b]" started-at="2022-04-19T17:13:31 SGT" name="printNotes" finished-at="2022-04-19T17:13:31 SGT" duration-ms="0" status="PASS">
          <reporter-output>
          </reporter-output>
        </test-method> <!-- printNotes -->
      </class> <!-- MavenProject.JenkinsJobs.JenkinsTest -->
    </test> <!-- Surefire test -->
  </suite> <!-- Surefire suite -->
</testng-results>
