<?xml version="1.0" encoding="UTF-8"?>
<testng-results ignored="0" total="2" passed="2" failed="0" skipped="0">
  <reporter-output>
  </reporter-output>
  <suite started-at="2022-04-19T17:08:45 SGT" name="Suite" finished-at="2022-04-19T17:08:45 SGT" duration-ms="35">
    <groups>
    </groups>
    <test started-at="2022-04-19T17:08:45 SGT" name="Test" finished-at="2022-04-19T17:08:45 SGT" duration-ms="35">
      <class name="MavenProject.JenkinsJobs.JenkinsTest">
        <test-method signature="writeNotes()[pri:0, instance:MavenProject.JenkinsJobs.JenkinsTest@1da2cb77]" started-at="2022-04-19T17:08:45 SGT" name="writeNotes" finished-at="2022-04-19T17:08:45 SGT" duration-ms="6" status="PASS">
          <reporter-output>
          </reporter-output>
        </test-method> <!-- writeNotes -->
        <test-method signature="printNotes()[pri:1, instance:MavenProject.JenkinsJobs.JenkinsTest@1da2cb77]" started-at="2022-04-19T17:08:45 SGT" name="printNotes" finished-at="2022-04-19T17:08:45 SGT" duration-ms="1" status="PASS">
          <reporter-output>
          </reporter-output>
        </test-method> <!-- printNotes -->
      </class> <!-- MavenProject.JenkinsJobs.JenkinsTest -->
    </test> <!-- Test -->
  </suite> <!-- Suite -->
</testng-results>
